<?xml version="1.0" encoding="UTF-8" ?>
<testsuite failures="0" time="0.592" errors="0" skipped="0" tests="4" name="TestSuite">
  <properties>
[...]
</properties>
  <testcase time="0.011" classname="com.sfeir.bytecode.CivilityHelperTest" name="testCivilities"/>
  <testcase time="0.01" classname="com.sfeir.bytecode.ItemHelperTest" name="testNormalExecution"/>
  <testcase time="0.001" classname="com.sfeir.bytecode.ItemHelperTest" name="testNullOrEmptyParameters"/>
  <testcase time="0.005" classname="com.sfeir.bytecode.ItemHelperTest" name="testPrinter"/>
</testsuite>