<?xml version="1.0" encoding="UTF-8"?>
<!-- Generated by org.testng.reporters.JUnitXMLReporter -->
<testsuite hostname="larochef" name="Command line test" tests="4" failures="0" timestamp="20 Sep 2012 10:33:43 GMT" time="0.046" errors="0">
  <testcase name="testCivilities" time="0.012" classname="com.sfeir.bytecode.CivilityHelperTest"/>
  <testcase name="testNormalExecution" time="0.01" classname="com.sfeir.bytecode.ItemHelperTest"/>
  <testcase name="testNullOrEmptyParameters" time="0.0010" classname="com.sfeir.bytecode.ItemHelperTest"/>
  <testcase name="testPrinter" time="0.0050" classname="com.sfeir.bytecode.ItemHelperTest"/>
</testsuite> <!-- Command line test -->
